nohup: ignoring input
2025-08-19 04:19:59,296 - __main__ - INFO - Telegram bot işə başlayır...
2025-08-19 04:19:59,555 - httpx - INFO - HTTP Request: POST https://api.telegram.org/bot7317862412:AAF_SaKYUI4kTqDamXElz8EQYA5v5EZD7AE/getMe "HTTP/1.1 200 OK"
2025-08-19 04:19:59,641 - httpx - INFO - HTTP Request: POST https://api.telegram.org/bot7317862412:AAF_SaKYUI4kTqDamXElz8EQYA5v5EZD7AE/deleteWebhook "HTTP/1.1 200 OK"
2025-08-19 04:19:59,642 - telegram.ext.Application - INFO - Application started
2025-08-19 04:20:01,436 - httpx - INFO - HTTP Request: POST https://api.telegram.org/bot7317862412:AAF_SaKYUI4kTqDamXElz8EQYA5v5EZD7AE/getUpdates "HTTP/1.1 200 OK"
2025-08-19 04:20:01,545 - httpx - INFO - HTTP Request: POST https://api.telegram.org/bot7317862412:AAF_SaKYUI4kTqDamXElz8EQYA5v5EZD7AE/sendMessage "HTTP/1.1 200 OK"
2025-08-19 04:20:11,532 - httpx - INFO - HTTP Request: POST https://api.telegram.org/bot7317862412:AAF_SaKYUI4kTqDamXElz8EQYA5v5EZD7AE/getUpdates "HTTP/1.1 200 OK"
2025-08-19 04:20:21,625 - httpx - INFO - HTTP Request: POST https://api.telegram.org/bot7317862412:AAF_SaKYUI4kTqDamXElz8EQYA5v5EZD7AE/getUpdates "HTTP/1.1 200 OK"
2025-08-19 04:20:23,309 - httpx - INFO - HTTP Request: POST https://api.telegram.org/bot7317862412:AAF_SaKYUI4kTqDamXElz8EQYA5v5EZD7AE/getUpdates "HTTP/1.1 200 OK"
2025-08-19 04:20:25,926 - httpx - INFO - HTTP Request: POST https://api.telegram.org/bot7317862412:AAF_SaKYUI4kTqDamXElz8EQYA5v5EZD7AE/getUpdates "HTTP/1.1 200 OK"
2025-08-19 04:20:26,252 - httpx - INFO - HTTP Request: POST https://api.telegram.org/bot7317862412:AAF_SaKYUI4kTqDamXElz8EQYA5v5EZD7AE/sendMessage "HTTP/1.1 200 OK"
2025-08-19 04:20:28,225 - httpx - INFO - HTTP Request: POST https://api.telegram.org/bot7317862412:AAF_SaKYUI4kTqDamXElz8EQYA5v5EZD7AE/getUpdates "HTTP/1.1 200 OK"
2025-08-19 04:20:28,365 - httpx - INFO - HTTP Request: POST https://api.telegram.org/bot7317862412:AAF_SaKYUI4kTqDamXElz8EQYA5v5EZD7AE/sendMessage "HTTP/1.1 200 OK"
2025-08-19 04:20:38,319 - httpx - INFO - HTTP Request: POST https://api.telegram.org/bot7317862412:AAF_SaKYUI4kTqDamXElz8EQYA5v5EZD7AE/getUpdates "HTTP/1.1 200 OK"
2025-08-19 04:20:48,420 - httpx - INFO - HTTP Request: POST https://api.telegram.org/bot7317862412:AAF_SaKYUI4kTqDamXElz8EQYA5v5EZD7AE/getUpdates "HTTP/1.1 200 OK"
2025-08-19 04:20:51,751 - httpx - INFO - HTTP Request: POST https://api.telegram.org/bot7317862412:AAF_SaKYUI4kTqDamXElz8EQYA5v5EZD7AE/getUpdates "HTTP/1.1 200 OK"
2025-08-19 04:20:52,031 - httpx - INFO - HTTP Request: POST https://api.telegram.org/bot7317862412:AAF_SaKYUI4kTqDamXElz8EQYA5v5EZD7AE/sendMessage "HTTP/1.1 200 OK"
2025-08-19 04:21:01,848 - httpx - INFO - HTTP Request: POST https://api.telegram.org/bot7317862412:AAF_SaKYUI4kTqDamXElz8EQYA5v5EZD7AE/getUpdates "HTTP/1.1 200 OK"
2025-08-19 04:21:11,942 - httpx - INFO - HTTP Request: POST https://api.telegram.org/bot7317862412:AAF_SaKYUI4kTqDamXElz8EQYA5v5EZD7AE/getUpdates "HTTP/1.1 200 OK"
2025-08-19 04:21:22,035 - httpx - INFO - HTTP Request: POST https://api.telegram.org/bot7317862412:AAF_SaKYUI4kTqDamXElz8EQYA5v5EZD7AE/getUpdates "HTTP/1.1 200 OK"
2025-08-19 04:21:32,127 - httpx - INFO - HTTP Request: POST https://api.telegram.org/bot7317862412:AAF_SaKYUI4kTqDamXElz8EQYA5v5EZD7AE/getUpdates "HTTP/1.1 200 OK"
2025-08-19 04:21:42,223 - httpx - INFO - HTTP Request: POST https://api.telegram.org/bot7317862412:AAF_SaKYUI4kTqDamXElz8EQYA5v5EZD7AE/getUpdates "HTTP/1.1 200 OK"
2025-08-19 04:21:52,316 - httpx - INFO - HTTP Request: POST https://api.telegram.org/bot7317862412:AAF_SaKYUI4kTqDamXElz8EQYA5v5EZD7AE/getUpdates "HTTP/1.1 200 OK"
2025-08-19 04:22:02,408 - httpx - INFO - HTTP Request: POST https://api.telegram.org/bot7317862412:AAF_SaKYUI4kTqDamXElz8EQYA5v5EZD7AE/getUpdates "HTTP/1.1 200 OK"
2025-08-19 04:22:12,506 - httpx - INFO - HTTP Request: POST https://api.telegram.org/bot7317862412:AAF_SaKYUI4kTqDamXElz8EQYA5v5EZD7AE/getUpdates "HTTP/1.1 200 OK"
2025-08-19 04:22:22,599 - httpx - INFO - HTTP Request: POST https://api.telegram.org/bot7317862412:AAF_SaKYUI4kTqDamXElz8EQYA5v5EZD7AE/getUpdates "HTTP/1.1 200 OK"
2025-08-19 04:22:32,693 - httpx - INFO - HTTP Request: POST https://api.telegram.org/bot7317862412:AAF_SaKYUI4kTqDamXElz8EQYA5v5EZD7AE/getUpdates "HTTP/1.1 200 OK"
2025-08-19 04:22:42,787 - httpx - INFO - HTTP Request: POST https://api.telegram.org/bot7317862412:AAF_SaKYUI4kTqDamXElz8EQYA5v5EZD7AE/getUpdates "HTTP/1.1 200 OK"
2025-08-19 04:22:52,909 - httpx - INFO - HTTP Request: POST https://api.telegram.org/bot7317862412:AAF_SaKYUI4kTqDamXElz8EQYA5v5EZD7AE/getUpdates "HTTP/1.1 200 OK"
2025-08-19 04:23:03,003 - httpx - INFO - HTTP Request: POST https://api.telegram.org/bot7317862412:AAF_SaKYUI4kTqDamXElz8EQYA5v5EZD7AE/getUpdates "HTTP/1.1 200 OK"
2025-08-19 04:23:13,097 - httpx - INFO - HTTP Request: POST https://api.telegram.org/bot7317862412:AAF_SaKYUI4kTqDamXElz8EQYA5v5EZD7AE/getUpdates "HTTP/1.1 200 OK"
2025-08-19 04:23:23,200 - httpx - INFO - HTTP Request: POST https://api.telegram.org/bot7317862412:AAF_SaKYUI4kTqDamXElz8EQYA5v5EZD7AE/getUpdates "HTTP/1.1 200 OK"
2025-08-19 04:23:33,293 - httpx - INFO - HTTP Request: POST https://api.telegram.org/bot7317862412:AAF_SaKYUI4kTqDamXElz8EQYA5v5EZD7AE/getUpdates "HTTP/1.1 200 OK"
2025-08-19 04:23:43,384 - httpx - INFO - HTTP Request: POST https://api.telegram.org/bot7317862412:AAF_SaKYUI4kTqDamXElz8EQYA5v5EZD7AE/getUpdates "HTTP/1.1 200 OK"
2025-08-19 04:23:53,477 - httpx - INFO - HTTP Request: POST https://api.telegram.org/bot7317862412:AAF_SaKYUI4kTqDamXElz8EQYA5v5EZD7AE/getUpdates "HTTP/1.1 200 OK"
2025-08-19 04:24:03,572 - httpx - INFO - HTTP Request: POST https://api.telegram.org/bot7317862412:AAF_SaKYUI4kTqDamXElz8EQYA5v5EZD7AE/getUpdates "HTTP/1.1 200 OK"
2025-08-19 04:24:13,666 - httpx - INFO - HTTP Request: POST https://api.telegram.org/bot7317862412:AAF_SaKYUI4kTqDamXElz8EQYA5v5EZD7AE/getUpdates "HTTP/1.1 200 OK"
2025-08-19 04:24:23,759 - httpx - INFO - HTTP Request: POST https://api.telegram.org/bot7317862412:AAF_SaKYUI4kTqDamXElz8EQYA5v5EZD7AE/getUpdates "HTTP/1.1 200 OK"
2025-08-19 04:24:33,863 - httpx - INFO - HTTP Request: POST https://api.telegram.org/bot7317862412:AAF_SaKYUI4kTqDamXElz8EQYA5v5EZD7AE/getUpdates "HTTP/1.1 200 OK"
2025-08-19 04:24:43,955 - httpx - INFO - HTTP Request: POST https://api.telegram.org/bot7317862412:AAF_SaKYUI4kTqDamXElz8EQYA5v5EZD7AE/getUpdates "HTTP/1.1 200 OK"
2025-08-19 04:24:54,048 - httpx - INFO - HTTP Request: POST https://api.telegram.org/bot7317862412:AAF_SaKYUI4kTqDamXElz8EQYA5v5EZD7AE/getUpdates "HTTP/1.1 200 OK"
2025-08-19 04:25:04,141 - httpx - INFO - HTTP Request: POST https://api.telegram.org/bot7317862412:AAF_SaKYUI4kTqDamXElz8EQYA5v5EZD7AE/getUpdates "HTTP/1.1 200 OK"
2025-08-19 04:25:14,240 - httpx - INFO - HTTP Request: POST https://api.telegram.org/bot7317862412:AAF_SaKYUI4kTqDamXElz8EQYA5v5EZD7AE/getUpdates "HTTP/1.1 200 OK"
2025-08-19 04:25:24,333 - httpx - INFO - HTTP Request: POST https://api.telegram.org/bot7317862412:AAF_SaKYUI4kTqDamXElz8EQYA5v5EZD7AE/getUpdates "HTTP/1.1 200 OK"
2025-08-19 04:25:34,425 - httpx - INFO - HTTP Request: POST https://api.telegram.org/bot7317862412:AAF_SaKYUI4kTqDamXElz8EQYA5v5EZD7AE/getUpdates "HTTP/1.1 200 OK"
2025-08-19 04:25:44,516 - httpx - INFO - HTTP Request: POST https://api.telegram.org/bot7317862412:AAF_SaKYUI4kTqDamXElz8EQYA5v5EZD7AE/getUpdates "HTTP/1.1 200 OK"
2025-08-19 04:25:54,611 - httpx - INFO - HTTP Request: POST https://api.telegram.org/bot7317862412:AAF_SaKYUI4kTqDamXElz8EQYA5v5EZD7AE/getUpdates "HTTP/1.1 200 OK"
2025-08-19 04:26:04,702 - httpx - INFO - HTTP Request: POST https://api.telegram.org/bot7317862412:AAF_SaKYUI4kTqDamXElz8EQYA5v5EZD7AE/getUpdates "HTTP/1.1 200 OK"
2025-08-19 04:26:14,799 - httpx - INFO - HTTP Request: POST https://api.telegram.org/bot7317862412:AAF_SaKYUI4kTqDamXElz8EQYA5v5EZD7AE/getUpdates "HTTP/1.1 200 OK"
2025-08-19 04:26:15,436 - httpx - INFO - HTTP Request: POST https://api.telegram.org/bot7317862412:AAF_SaKYUI4kTqDamXElz8EQYA5v5EZD7AE/getUpdates "HTTP/1.1 200 OK"
2025-08-19 04:26:15,732 - httpx - INFO - HTTP Request: POST https://api.telegram.org/bot7317862412:AAF_SaKYUI4kTqDamXElz8EQYA5v5EZD7AE/sendMessage "HTTP/1.1 200 OK"
2025-08-19 04:26:25,533 - httpx - INFO - HTTP Request: POST https://api.telegram.org/bot7317862412:AAF_SaKYUI4kTqDamXElz8EQYA5v5EZD7AE/getUpdates "HTTP/1.1 200 OK"
2025-08-19 04:26:35,627 - httpx - INFO - HTTP Request: POST https://api.telegram.org/bot7317862412:AAF_SaKYUI4kTqDamXElz8EQYA5v5EZD7AE/getUpdates "HTTP/1.1 200 OK"
2025-08-19 04:26:45,729 - httpx - INFO - HTTP Request: POST https://api.telegram.org/bot7317862412:AAF_SaKYUI4kTqDamXElz8EQYA5v5EZD7AE/getUpdates "HTTP/1.1 200 OK"
2025-08-19 04:26:55,821 - httpx - INFO - HTTP Request: POST https://api.telegram.org/bot7317862412:AAF_SaKYUI4kTqDamXElz8EQYA5v5EZD7AE/getUpdates "HTTP/1.1 200 OK"
2025-08-19 04:27:05,914 - httpx - INFO - HTTP Request: POST https://api.telegram.org/bot7317862412:AAF_SaKYUI4kTqDamXElz8EQYA5v5EZD7AE/getUpdates "HTTP/1.1 200 OK"
2025-08-19 04:27:16,005 - httpx - INFO - HTTP Request: POST https://api.telegram.org/bot7317862412:AAF_SaKYUI4kTqDamXElz8EQYA5v5EZD7AE/getUpdates "HTTP/1.1 200 OK"
2025-08-19 04:27:26,099 - httpx - INFO - HTTP Request: POST https://api.telegram.org/bot7317862412:AAF_SaKYUI4kTqDamXElz8EQYA5v5EZD7AE/getUpdates "HTTP/1.1 200 OK"
2025-08-19 04:27:36,191 - httpx - INFO - HTTP Request: POST https://api.telegram.org/bot7317862412:AAF_SaKYUI4kTqDamXElz8EQYA5v5EZD7AE/getUpdates "HTTP/1.1 200 OK"
2025-08-19 04:27:46,282 - httpx - INFO - HTTP Request: POST https://api.telegram.org/bot7317862412:AAF_SaKYUI4kTqDamXElz8EQYA5v5EZD7AE/getUpdates "HTTP/1.1 200 OK"
2025-08-19 04:27:56,374 - httpx - INFO - HTTP Request: POST https://api.telegram.org/bot7317862412:AAF_SaKYUI4kTqDamXElz8EQYA5v5EZD7AE/getUpdates "HTTP/1.1 200 OK"
2025-08-19 04:28:06,466 - httpx - INFO - HTTP Request: POST https://api.telegram.org/bot7317862412:AAF_SaKYUI4kTqDamXElz8EQYA5v5EZD7AE/getUpdates "HTTP/1.1 200 OK"
