nohup: ignoring input
2025-08-19 04:28:23,933 - __main__ - INFO - Telegram bot işə başlayır...
2025-08-19 04:28:24,200 - httpx - INFO - HTTP Request: POST https://api.telegram.org/bot7317862412:AAF_SaKYUI4kTqDamXElz8EQYA5v5EZD7AE/getMe "HTTP/1.1 200 OK"
2025-08-19 04:28:24,287 - httpx - INFO - HTTP Request: POST https://api.telegram.org/bot7317862412:AAF_SaKYUI4kTqDamXElz8EQYA5v5EZD7AE/deleteWebhook "HTTP/1.1 200 OK"
2025-08-19 04:28:24,288 - telegram.ext.Application - INFO - Application started
2025-08-19 04:28:34,541 - httpx - INFO - HTTP Request: POST https://api.telegram.org/bot7317862412:AAF_SaKYUI4kTqDamXElz8EQYA5v5EZD7AE/getUpdates "HTTP/1.1 200 OK"
2025-08-19 04:28:44,627 - httpx - INFO - HTTP Request: POST https://api.telegram.org/bot7317862412:AAF_SaKYUI4kTqDamXElz8EQYA5v5EZD7AE/getUpdates "HTTP/1.1 200 OK"
2025-08-19 04:28:54,711 - httpx - INFO - HTTP Request: POST https://api.telegram.org/bot7317862412:AAF_SaKYUI4kTqDamXElz8EQYA5v5EZD7AE/getUpdates "HTTP/1.1 200 OK"
2025-08-19 04:29:04,013 - httpx - INFO - HTTP Request: POST https://api.telegram.org/bot7317862412:AAF_SaKYUI4kTqDamXElz8EQYA5v5EZD7AE/getUpdates "HTTP/1.1 200 OK"
2025-08-19 04:29:04,349 - httpx - INFO - HTTP Request: POST https://api.telegram.org/bot7317862412:AAF_SaKYUI4kTqDamXElz8EQYA5v5EZD7AE/sendMessage "HTTP/1.1 200 OK"
2025-08-19 04:29:14,098 - httpx - INFO - HTTP Request: POST https://api.telegram.org/bot7317862412:AAF_SaKYUI4kTqDamXElz8EQYA5v5EZD7AE/getUpdates "HTTP/1.1 200 OK"
2025-08-19 04:29:19,447 - httpx - INFO - HTTP Request: POST https://api.telegram.org/bot7317862412:AAF_SaKYUI4kTqDamXElz8EQYA5v5EZD7AE/getUpdates "HTTP/1.1 200 OK"
2025-08-19 04:29:19,732 - httpx - INFO - HTTP Request: POST https://api.telegram.org/bot7317862412:AAF_SaKYUI4kTqDamXElz8EQYA5v5EZD7AE/sendMessage "HTTP/1.1 200 OK"
2025-08-19 04:29:29,536 - httpx - INFO - HTTP Request: POST https://api.telegram.org/bot7317862412:AAF_SaKYUI4kTqDamXElz8EQYA5v5EZD7AE/getUpdates "HTTP/1.1 200 OK"
2025-08-19 04:29:39,621 - httpx - INFO - HTTP Request: POST https://api.telegram.org/bot7317862412:AAF_SaKYUI4kTqDamXElz8EQYA5v5EZD7AE/getUpdates "HTTP/1.1 200 OK"
2025-08-19 04:29:49,707 - httpx - INFO - HTTP Request: POST https://api.telegram.org/bot7317862412:AAF_SaKYUI4kTqDamXElz8EQYA5v5EZD7AE/getUpdates "HTTP/1.1 200 OK"
2025-08-19 04:29:59,795 - httpx - INFO - HTTP Request: POST https://api.telegram.org/bot7317862412:AAF_SaKYUI4kTqDamXElz8EQYA5v5EZD7AE/getUpdates "HTTP/1.1 200 OK"
2025-08-19 04:30:09,880 - httpx - INFO - HTTP Request: POST https://api.telegram.org/bot7317862412:AAF_SaKYUI4kTqDamXElz8EQYA5v5EZD7AE/getUpdates "HTTP/1.1 200 OK"
2025-08-19 04:30:19,965 - httpx - INFO - HTTP Request: POST https://api.telegram.org/bot7317862412:AAF_SaKYUI4kTqDamXElz8EQYA5v5EZD7AE/getUpdates "HTTP/1.1 200 OK"
2025-08-19 04:30:30,049 - httpx - INFO - HTTP Request: POST https://api.telegram.org/bot7317862412:AAF_SaKYUI4kTqDamXElz8EQYA5v5EZD7AE/getUpdates "HTTP/1.1 200 OK"
2025-08-19 04:30:40,135 - httpx - INFO - HTTP Request: POST https://api.telegram.org/bot7317862412:AAF_SaKYUI4kTqDamXElz8EQYA5v5EZD7AE/getUpdates "HTTP/1.1 200 OK"
2025-08-19 04:30:50,220 - httpx - INFO - HTTP Request: POST https://api.telegram.org/bot7317862412:AAF_SaKYUI4kTqDamXElz8EQYA5v5EZD7AE/getUpdates "HTTP/1.1 200 OK"
2025-08-19 04:31:00,304 - httpx - INFO - HTTP Request: POST https://api.telegram.org/bot7317862412:AAF_SaKYUI4kTqDamXElz8EQYA5v5EZD7AE/getUpdates "HTTP/1.1 200 OK"
2025-08-19 04:31:10,388 - httpx - INFO - HTTP Request: POST https://api.telegram.org/bot7317862412:AAF_SaKYUI4kTqDamXElz8EQYA5v5EZD7AE/getUpdates "HTTP/1.1 200 OK"
2025-08-19 04:31:20,474 - httpx - INFO - HTTP Request: POST https://api.telegram.org/bot7317862412:AAF_SaKYUI4kTqDamXElz8EQYA5v5EZD7AE/getUpdates "HTTP/1.1 200 OK"
2025-08-19 04:31:30,559 - httpx - INFO - HTTP Request: POST https://api.telegram.org/bot7317862412:AAF_SaKYUI4kTqDamXElz8EQYA5v5EZD7AE/getUpdates "HTTP/1.1 200 OK"
2025-08-19 04:31:40,646 - httpx - INFO - HTTP Request: POST https://api.telegram.org/bot7317862412:AAF_SaKYUI4kTqDamXElz8EQYA5v5EZD7AE/getUpdates "HTTP/1.1 200 OK"
2025-08-19 04:31:50,743 - httpx - INFO - HTTP Request: POST https://api.telegram.org/bot7317862412:AAF_SaKYUI4kTqDamXElz8EQYA5v5EZD7AE/getUpdates "HTTP/1.1 200 OK"
2025-08-19 04:32:00,827 - httpx - INFO - HTTP Request: POST https://api.telegram.org/bot7317862412:AAF_SaKYUI4kTqDamXElz8EQYA5v5EZD7AE/getUpdates "HTTP/1.1 200 OK"
2025-08-19 04:32:10,912 - httpx - INFO - HTTP Request: POST https://api.telegram.org/bot7317862412:AAF_SaKYUI4kTqDamXElz8EQYA5v5EZD7AE/getUpdates "HTTP/1.1 200 OK"
2025-08-19 04:32:21,002 - httpx - INFO - HTTP Request: POST https://api.telegram.org/bot7317862412:AAF_SaKYUI4kTqDamXElz8EQYA5v5EZD7AE/getUpdates "HTTP/1.1 200 OK"
2025-08-19 04:32:31,087 - httpx - INFO - HTTP Request: POST https://api.telegram.org/bot7317862412:AAF_SaKYUI4kTqDamXElz8EQYA5v5EZD7AE/getUpdates "HTTP/1.1 200 OK"
2025-08-19 04:32:41,182 - httpx - INFO - HTTP Request: POST https://api.telegram.org/bot7317862412:AAF_SaKYUI4kTqDamXElz8EQYA5v5EZD7AE/getUpdates "HTTP/1.1 200 OK"
2025-08-19 04:32:51,267 - httpx - INFO - HTTP Request: POST https://api.telegram.org/bot7317862412:AAF_SaKYUI4kTqDamXElz8EQYA5v5EZD7AE/getUpdates "HTTP/1.1 200 OK"
2025-08-19 04:33:01,351 - httpx - INFO - HTTP Request: POST https://api.telegram.org/bot7317862412:AAF_SaKYUI4kTqDamXElz8EQYA5v5EZD7AE/getUpdates "HTTP/1.1 200 OK"
2025-08-19 04:33:11,436 - httpx - INFO - HTTP Request: POST https://api.telegram.org/bot7317862412:AAF_SaKYUI4kTqDamXElz8EQYA5v5EZD7AE/getUpdates "HTTP/1.1 200 OK"
2025-08-19 04:33:21,521 - httpx - INFO - HTTP Request: POST https://api.telegram.org/bot7317862412:AAF_SaKYUI4kTqDamXElz8EQYA5v5EZD7AE/getUpdates "HTTP/1.1 200 OK"
2025-08-19 04:33:31,612 - httpx - INFO - HTTP Request: POST https://api.telegram.org/bot7317862412:AAF_SaKYUI4kTqDamXElz8EQYA5v5EZD7AE/getUpdates "HTTP/1.1 200 OK"
2025-08-19 04:33:41,695 - httpx - INFO - HTTP Request: POST https://api.telegram.org/bot7317862412:AAF_SaKYUI4kTqDamXElz8EQYA5v5EZD7AE/getUpdates "HTTP/1.1 200 OK"
2025-08-19 04:33:51,781 - httpx - INFO - HTTP Request: POST https://api.telegram.org/bot7317862412:AAF_SaKYUI4kTqDamXElz8EQYA5v5EZD7AE/getUpdates "HTTP/1.1 200 OK"
2025-08-19 04:34:01,867 - httpx - INFO - HTTP Request: POST https://api.telegram.org/bot7317862412:AAF_SaKYUI4kTqDamXElz8EQYA5v5EZD7AE/getUpdates "HTTP/1.1 200 OK"
2025-08-19 04:34:11,955 - httpx - INFO - HTTP Request: POST https://api.telegram.org/bot7317862412:AAF_SaKYUI4kTqDamXElz8EQYA5v5EZD7AE/getUpdates "HTTP/1.1 200 OK"
2025-08-19 04:34:22,040 - httpx - INFO - HTTP Request: POST https://api.telegram.org/bot7317862412:AAF_SaKYUI4kTqDamXElz8EQYA5v5EZD7AE/getUpdates "HTTP/1.1 200 OK"
2025-08-19 04:34:32,124 - httpx - INFO - HTTP Request: POST https://api.telegram.org/bot7317862412:AAF_SaKYUI4kTqDamXElz8EQYA5v5EZD7AE/getUpdates "HTTP/1.1 200 OK"
2025-08-19 04:34:42,209 - httpx - INFO - HTTP Request: POST https://api.telegram.org/bot7317862412:AAF_SaKYUI4kTqDamXElz8EQYA5v5EZD7AE/getUpdates "HTTP/1.1 200 OK"
2025-08-19 04:34:52,293 - httpx - INFO - HTTP Request: POST https://api.telegram.org/bot7317862412:AAF_SaKYUI4kTqDamXElz8EQYA5v5EZD7AE/getUpdates "HTTP/1.1 200 OK"
2025-08-19 04:35:02,381 - httpx - INFO - HTTP Request: POST https://api.telegram.org/bot7317862412:AAF_SaKYUI4kTqDamXElz8EQYA5v5EZD7AE/getUpdates "HTTP/1.1 200 OK"
2025-08-19 04:35:12,475 - httpx - INFO - HTTP Request: POST https://api.telegram.org/bot7317862412:AAF_SaKYUI4kTqDamXElz8EQYA5v5EZD7AE/getUpdates "HTTP/1.1 200 OK"
2025-08-19 04:35:22,559 - httpx - INFO - HTTP Request: POST https://api.telegram.org/bot7317862412:AAF_SaKYUI4kTqDamXElz8EQYA5v5EZD7AE/getUpdates "HTTP/1.1 200 OK"
2025-08-19 04:35:32,647 - httpx - INFO - HTTP Request: POST https://api.telegram.org/bot7317862412:AAF_SaKYUI4kTqDamXElz8EQYA5v5EZD7AE/getUpdates "HTTP/1.1 200 OK"
2025-08-19 04:35:42,749 - httpx - INFO - HTTP Request: POST https://api.telegram.org/bot7317862412:AAF_SaKYUI4kTqDamXElz8EQYA5v5EZD7AE/getUpdates "HTTP/1.1 200 OK"
2025-08-19 04:35:52,838 - httpx - INFO - HTTP Request: POST https://api.telegram.org/bot7317862412:AAF_SaKYUI4kTqDamXElz8EQYA5v5EZD7AE/getUpdates "HTTP/1.1 200 OK"
2025-08-19 04:36:02,922 - httpx - INFO - HTTP Request: POST https://api.telegram.org/bot7317862412:AAF_SaKYUI4kTqDamXElz8EQYA5v5EZD7AE/getUpdates "HTTP/1.1 200 OK"
2025-08-19 04:36:13,007 - httpx - INFO - HTTP Request: POST https://api.telegram.org/bot7317862412:AAF_SaKYUI4kTqDamXElz8EQYA5v5EZD7AE/getUpdates "HTTP/1.1 200 OK"
2025-08-19 04:36:23,092 - httpx - INFO - HTTP Request: POST https://api.telegram.org/bot7317862412:AAF_SaKYUI4kTqDamXElz8EQYA5v5EZD7AE/getUpdates "HTTP/1.1 200 OK"
2025-08-19 04:36:33,176 - httpx - INFO - HTTP Request: POST https://api.telegram.org/bot7317862412:AAF_SaKYUI4kTqDamXElz8EQYA5v5EZD7AE/getUpdates "HTTP/1.1 200 OK"
2025-08-19 04:36:43,267 - httpx - INFO - HTTP Request: POST https://api.telegram.org/bot7317862412:AAF_SaKYUI4kTqDamXElz8EQYA5v5EZD7AE/getUpdates "HTTP/1.1 200 OK"
2025-08-19 04:36:53,362 - httpx - INFO - HTTP Request: POST https://api.telegram.org/bot7317862412:AAF_SaKYUI4kTqDamXElz8EQYA5v5EZD7AE/getUpdates "HTTP/1.1 200 OK"
2025-08-19 04:37:03,448 - httpx - INFO - HTTP Request: POST https://api.telegram.org/bot7317862412:AAF_SaKYUI4kTqDamXElz8EQYA5v5EZD7AE/getUpdates "HTTP/1.1 200 OK"
2025-08-19 04:37:13,535 - httpx - INFO - HTTP Request: POST https://api.telegram.org/bot7317862412:AAF_SaKYUI4kTqDamXElz8EQYA5v5EZD7AE/getUpdates "HTTP/1.1 200 OK"
